<?xml version="1.0" encoding="UTF-8"?>
<testng-results ignored="0" total="1" passed="1" failed="0" skipped="0">
  <reporter-output>
  </reporter-output>
  <suite started-at="2024-03-11T19:16:23 IST" name="Default suite" finished-at="2024-03-11T19:16:33 IST" duration-ms="9534">
    <groups>
    </groups>
    <test started-at="2024-03-11T19:16:23 IST" name="Default test" finished-at="2024-03-11T19:16:33 IST" duration-ms="9534">
      <class name="saucetestpkg.testclss">
        <test-method is-config="true" signature="setup()[pri:0, instance:saucetestpkg.testclss@459e9125]" started-at="2024-03-11T19:16:23 IST" name="setup" finished-at="2024-03-11T19:16:29 IST" duration-ms="5560" status="PASS">
          <reporter-output>
          </reporter-output>
        </test-method> <!-- setup -->
        <test-method signature="verifyLoginWithValidCred()[pri:0, instance:saucetestpkg.testclss@459e9125]" started-at="2024-03-11T19:16:29 IST" name="verifyLoginWithValidCred" finished-at="2024-03-11T19:16:33 IST" duration-ms="3915" status="PASS">
          <reporter-output>
          </reporter-output>
        </test-method> <!-- verifyLoginWithValidCred -->
      </class> <!-- saucetestpkg.testclss -->
    </test> <!-- Default test -->
  </suite> <!-- Default suite -->
</testng-results>
